[0.489s] Invoking command in '/home/yamashita/car_ws/build/coordinate_msg': /usr/bin/cmake --build /home/yamashita/car_ws/build/coordinate_msg -- -j4 -l4
[0.678s] -- Found ament_cmake: 1.3.7 (/opt/ros/humble/share/ament_cmake/cmake)
[2.185s] Traceback (most recent call last):
[2.186s]   File "/opt/ros/humble/share/ament_cmake_core/cmake/package_templates/templates_2_cmake.py", line 21, in <module>
[2.188s]     from ament_package.templates import get_environment_hook_template_path
[2.189s] ModuleNotFoundError: No module named 'ament_package'
[2.347s] [31mCMake Error at /opt/ros/humble/share/ament_cmake_core/cmake/ament_cmake_package_templates-extras.cmake:41 (message):
[2.348s]   execute_process(/usr/bin/python3.10
[2.350s]   /opt/ros/humble/share/ament_cmake_core/cmake/package_templates/templates_2_cmake.py
[2.351s]   /home/yamashita/car_ws/build/coordinate_msg/ament_cmake_package_templates/templates.cmake)
[2.352s]   returned error code 1
[2.353s] Call Stack (most recent call first):
[2.354s]   /opt/ros/humble/share/ament_cmake_core/cmake/ament_cmake_coreConfig.cmake:41 (include)
[2.355s]   /opt/ros/humble/share/ament_cmake/cmake/ament_cmake_export_dependencies-extras.cmake:15 (find_package)
[2.357s]   /opt/ros/humble/share/ament_cmake/cmake/ament_cmakeConfig.cmake:41 (include)
[2.359s]   CMakeLists.txt:9 (find_package)
[2.360s] 
[2.361s] [0m
[2.363s] -- Configuring incomplete, errors occurred!
[2.364s] See also "/home/yamashita/car_ws/build/coordinate_msg/CMakeFiles/CMakeOutput.log".
[2.373s] gmake: *** [Makefile:747: cmake_check_build_system] Error 1
[3.007s] Invoked command in '/home/yamashita/car_ws/build/coordinate_msg' returned '2': /usr/bin/cmake --build /home/yamashita/car_ws/build/coordinate_msg -- -j4 -l4
