[0.501s] Invoking command in '/home/yamashita/car_ws/build/coordinate_msg': /usr/bin/cmake --build /home/yamashita/car_ws/build/coordinate_msg -- -j4 -l4
[0.811s] -- Found ament_cmake: 1.3.7 (/opt/ros/humble/share/ament_cmake/cmake)
[2.320s] Traceback (most recent call last):
[2.322s]   File "/opt/ros/humble/share/ament_cmake_core/cmake/package_templates/templates_2_cmake.py", line 21, in <module>
[2.323s]     from ament_package.templates import get_environment_hook_template_path
[2.325s] ModuleNotFoundError: No module named 'ament_package'
[2.480s] [31mCMake Error at /opt/ros/humble/share/ament_cmake_core/cmake/ament_cmake_package_templates-extras.cmake:41 (message):
[2.482s]   execute_process(/usr/bin/python3.10
[2.483s]   /opt/ros/humble/share/ament_cmake_core/cmake/package_templates/templates_2_cmake.py
[2.484s]   /home/yamashita/car_ws/build/coordinate_msg/ament_cmake_package_templates/templates.cmake)
[2.486s]   returned error code 1
[2.487s] Call Stack (most recent call first):
[2.488s]   /opt/ros/humble/share/ament_cmake_core/cmake/ament_cmake_coreConfig.cmake:41 (include)
[2.489s]   /opt/ros/humble/share/ament_cmake/cmake/ament_cmake_export_dependencies-extras.cmake:15 (find_package)
[2.491s]   /opt/ros/humble/share/ament_cmake/cmake/ament_cmakeConfig.cmake:41 (include)
[2.492s]   CMakeLists.txt:9 (find_package)
[2.493s] 
[2.495s] [0m
[2.496s] -- Configuring incomplete, errors occurred!
[2.497s] See also "/home/yamashita/car_ws/build/coordinate_msg/CMakeFiles/CMakeOutput.log".
[2.850s] gmake: *** [Makefile:747: cmake_check_build_system] Error 1
[3.048s] Invoked command in '/home/yamashita/car_ws/build/coordinate_msg' returned '2': /usr/bin/cmake --build /home/yamashita/car_ws/build/coordinate_msg -- -j4 -l4
